<?xml version="1.0" encoding="UTF-8"?>
<!-- Generated by org.testng.reporters.JUnitReportReporter -->
<testsuite hostname="PC-20170702QKVJ" name="com.smart.service.ViewServiceTest" tests="2" failures="0" timestamp="28 Oct 2019 08:04:45 GMT" time="10.029" errors="0">
  <testcase name="test" time="5.236" classname="com.smart.service.ViewServiceTest"/>
  <testcase name="test1" time="4.793" classname="com.smart.service.ViewServiceTest"/>
</testsuite> <!-- com.smart.service.ViewServiceTest -->
